<?xml version="1.0" encoding="UTF-8"?>
<!-- Generated by org.testng.reporters.JUnitXMLReporter -->
<testsuite hostname="LAPTOP-V4JL6RP5" ignored="0" name="Test" tests="14" failures="14" timestamp="06 Oct 2019 03:37:39 GMT" time="0.3" errors="0">
  <testcase name="user_Opens_Chrome_Browser_and_enter_URL" time="0.1" classname="Ebay_StepDefinitions.ebay_sd">
    <failure type="java.lang.IllegalStateException" message="The path to the driver executable must be set by the webdriver.chrome.driver system property; for more information, see https://github.com/SeleniumHQ/selenium/wiki/ChromeDriver. The latest version can be downloaded from http://chromedriver.storage.googleapis.com/index.html">
      <![CDATA[java.lang.IllegalStateException: The path to the driver executable must be set by the webdriver.chrome.driver system property; for more information, see https://github.com/SeleniumHQ/selenium/wiki/ChromeDriver. The latest version can be downloaded from http://chromedriver.storage.googleapis.com/index.html
at com.google.common.base.Preconditions.checkState(Preconditions.java:847)
at org.openqa.selenium.remote.service.DriverService.findExecutable(DriverService.java:125)
at org.openqa.selenium.chrome.ChromeDriverService.access$000(ChromeDriverService.java:35)
at org.openqa.selenium.chrome.ChromeDriverService$Builder.findDefaultExecutable(ChromeDriverService.java:156)
at org.openqa.selenium.remote.service.DriverService$Builder.build(DriverService.java:346)
at org.openqa.selenium.chrome.ChromeDriverService.createDefaultService(ChromeDriverService.java:91)
at org.openqa.selenium.chrome.ChromeDriver.<init>(ChromeDriver.java:123)
at Ebay_StepDefinitions.ebay_sd.user_Opens_Chrome_Browser_and_enter_URL(ebay_sd.java:25)
... Removed 25 stack frames]]>
    </failure>
  </testcase> <!-- user_Opens_Chrome_Browser_and_enter_URL -->
  <testcase name="search_Vintage_Watches" time="0.015" classname="Ebay_StepDefinitions.ebay_sd">
    <failure type="java.lang.NullPointerException">
      <![CDATA[java.lang.NullPointerException
at Ebay_StepDefinitions.ebay_sd.search_Vintage_Watches(ebay_sd.java:37)
... Removed 25 stack frames]]>
    </failure>
  </testcase> <!-- search_Vintage_Watches -->
  <testcase name="sort_price_low_to_High" time="0.038" classname="Ebay_StepDefinitions.ebay_sd">
    <failure type="java.lang.NullPointerException">
      <![CDATA[java.lang.NullPointerException
at java.util.Objects.requireNonNull(Unknown Source)
at org.openqa.selenium.interactions.Actions.<init>(Actions.java:66)
at Ebay_StepDefinitions.ebay_sd.sort_price_low_to_High(ebay_sd.java:44)
... Removed 25 stack frames]]>
    </failure>
  </testcase> <!-- sort_price_low_to_High -->
  <testcase name="select_price_range_from_to" time="0.0" classname="Ebay_StepDefinitions.ebay_sd">
    <failure type="java.lang.NullPointerException">
      <![CDATA[java.lang.NullPointerException
at Ebay_StepDefinitions.ebay_sd.select_price_range_from_to(ebay_sd.java:53)
... Removed 25 stack frames]]>
    </failure>
  </testcase> <!-- select_price_range_from_to -->
  <testcase name="select_gender_as_man" time="0.0" classname="Ebay_StepDefinitions.ebay_sd">
    <failure type="java.lang.NullPointerException">
      <![CDATA[java.lang.NullPointerException
at Ebay_StepDefinitions.ebay_sd.select_gender_as_man(ebay_sd.java:59)
... Removed 25 stack frames]]>
    </failure>
  </testcase> <!-- select_gender_as_man -->
  <testcase name="click_on_Vintage_soviet_MAJAK_m_Watch" time="0.0" classname="Ebay_StepDefinitions.ebay_sd">
    <failure type="java.lang.NullPointerException">
      <![CDATA[java.lang.NullPointerException
at Ebay_StepDefinitions.ebay_sd.click_on_Vintage_soviet_MAJAK_m_Watch(ebay_sd.java:65)
... Removed 25 stack frames]]>
    </failure>
  </testcase> <!-- click_on_Vintage_soviet_MAJAK_m_Watch -->
  <testcase name="search_Vintage_Watches_again" time="0.0" classname="Ebay_StepDefinitions.ebay_sd">
    <failure type="java.lang.NullPointerException">
      <![CDATA[java.lang.NullPointerException
at Ebay_StepDefinitions.ebay_sd.search_Vintage_Watches_again(ebay_sd.java:78)
... Removed 25 stack frames]]>
    </failure>
  </testcase> <!-- search_Vintage_Watches_again -->
  <testcase name="click_Vintage_Waltham_Art_Deco_Watch_Runs" time="0.016" classname="Ebay_StepDefinitions.ebay_sd">
    <failure type="java.lang.NullPointerException">
      <![CDATA[java.lang.NullPointerException
at Ebay_StepDefinitions.ebay_sd.click_Vintage_Waltham_Art_Deco_Watch_Runs(ebay_sd.java:84)
... Removed 25 stack frames]]>
    </failure>
  </testcase> <!-- click_Vintage_Waltham_Art_Deco_Watch_Runs -->
  <testcase name="add_to_cart_without_plan" time="0.0" classname="Ebay_StepDefinitions.ebay_sd">
    <failure type="java.lang.NullPointerException">
      <![CDATA[java.lang.NullPointerException
at Ebay_StepDefinitions.ebay_sd.add_to_cart_without_plan(ebay_sd.java:90)
... Removed 25 stack frames]]>
    </failure>
  </testcase> <!-- add_to_cart_without_plan -->
  <testcase name="remove_yrs_plan_from_cart" time="0.0" classname="Ebay_StepDefinitions.ebay_sd">
    <failure type="java.lang.NullPointerException">
      <![CDATA[java.lang.NullPointerException
at Ebay_StepDefinitions.ebay_sd.remove_yrs_plan_from_cart(ebay_sd.java:97)
... Removed 25 stack frames]]>
    </failure>
  </testcase> <!-- remove_yrs_plan_from_cart -->
  <testcase name="go_to_Checkout" time="0.0" classname="Ebay_StepDefinitions.ebay_sd">
    <failure type="java.lang.NullPointerException">
      <![CDATA[java.lang.NullPointerException
at Ebay_StepDefinitions.ebay_sd.go_to_Checkout(ebay_sd.java:104)
... Removed 25 stack frames]]>
    </failure>
  </testcase> <!-- go_to_Checkout -->
  <testcase name="provide_invalid_credentials" time="0.0" classname="Ebay_StepDefinitions.ebay_sd">
    <failure type="java.lang.NullPointerException">
      <![CDATA[java.lang.NullPointerException
at Ebay_StepDefinitions.ebay_sd.provide_invalid_credentials(ebay_sd.java:109)
... Removed 25 stack frames]]>
    </failure>
  </testcase> <!-- provide_invalid_credentials -->
  <testcase name="validate_login_failure" time="0.0" classname="Ebay_StepDefinitions.ebay_sd">
    <failure type="java.lang.NullPointerException">
      <![CDATA[java.lang.NullPointerException
at Ebay_StepDefinitions.ebay_sd.validate_login_failure(ebay_sd.java:116)
... Removed 25 stack frames]]>
    </failure>
  </testcase> <!-- validate_login_failure -->
  <testcase name="close_the_browser" time="0.015" classname="Ebay_StepDefinitions.ebay_sd">
    <failure type="java.lang.NullPointerException">
      <![CDATA[java.lang.NullPointerException
at Ebay_StepDefinitions.ebay_sd.close_the_browser(ebay_sd.java:126)
... Removed 25 stack frames]]>
    </failure>
  </testcase> <!-- close_the_browser -->
</testsuite> <!-- Test -->
